Build started 30/11/2014 16:30:54.
     1>Project "C:\Projects\~Other\APIs\StUtil.Api\StUtil.Native.Injection\StUtil.Native.Injection.vcxproj" on node 4 (Build target(s)).
     1>C:\Program Files (x86)\MSBuild\Microsoft.Cpp\v4.0\V120\Microsoft.CppBuild.targets(364,5): warning MSB8004: Output Directory does not end with a trailing slash.  This build instance will add the slash as it is required to allow proper evaluation of the Output Directory.
     1>ClCompile:
         C:\Program Files (x86)\Microsoft Visual Studio 12.0\VC\bin\CL.exe /c /ZI /nologo /W3 /WX- /Od /Oy- /D WIN32 /D _DEBUG /D _WINDOWS /D _USRDLL /D STUTILNATIVEINJECTION_EXPORTS /D _WINDLL /D _UNICODE /D UNICODE /Gm /EHsc /RTC1 /MDd /GS /fp:precise /Zc:wchar_t /Zc:forScope /Yc"stdafx.h" /Fp"Debug\StUtil.Native.Injection.pch" /Fo"Debug\\" /Fd"Debug\vc120.pdb" /Gd /TP /analyze- /errorReport:prompt stdafx.cpp
         stdafx.cpp
         C:\Program Files (x86)\Microsoft Visual Studio 12.0\VC\bin\CL.exe /c /ZI /nologo /W3 /WX- /Od /Oy- /D WIN32 /D _DEBUG /D _WINDOWS /D _USRDLL /D STUTILNATIVEINJECTION_EXPORTS /D _WINDLL /D _UNICODE /D UNICODE /Gm /EHsc /RTC1 /MDd /GS /fp:precise /Zc:wchar_t /Zc:forScope /Fo"Debug\\" /Fd"Debug\vc120.pdb" /Gd /TP /analyze- /errorReport:prompt dllmain.cpp
         dllmain.cpp
         C:\Program Files (x86)\Microsoft Visual Studio 12.0\VC\bin\CL.exe /c /ZI /nologo /W3 /WX- /Od /Oy- /D WIN32 /D _DEBUG /D _WINDOWS /D _USRDLL /D STUTILNATIVEINJECTION_EXPORTS /D _WINDLL /D _UNICODE /D UNICODE /Gm /EHsc /RTC1 /MDd /GS /fp:precise /Zc:wchar_t /Zc:forScope /Yu"stdafx.h" /Fp"Debug\StUtil.Native.Injection.pch" /Fo"Debug\\" /Fd"Debug\vc120.pdb" /Gd /TP /analyze- /errorReport:prompt StUtil.Native.Injection.cpp
         StUtil.Native.Injection.cpp
       Link:
         C:\Program Files (x86)\Microsoft Visual Studio 12.0\VC\bin\link.exe /ERRORREPORT:PROMPT /OUT:"C:\Projects\~Other\APIs\StUtil.Api\StUtil.Native.Injection\\bin\x86\StUtil.Native.Injection.dll" /INCREMENTAL /NOLOGO Shlwapi.lib kernel32.lib user32.lib gdi32.lib winspool.lib comdlg32.lib advapi32.lib shell32.lib ole32.lib oleaut32.lib uuid.lib odbc32.lib odbccp32.lib /DEF:"EXPORTS.def" /MANIFEST /MANIFESTUAC:"level='asInvoker' uiAccess='false'" /manifest:embed /DEBUG /PDB:"C:\Projects\~Other\APIs\StUtil.Api\StUtil.Native.Injection\\bin\x86\StUtil.Native.Injection.pdb" /SUBSYSTEM:WINDOWS /TLBID:1 /DYNAMICBASE /NXCOMPAT /IMPLIB:"C:\Projects\~Other\APIs\StUtil.Api\StUtil.Native.Injection\\bin\x86\StUtil.Native.Injection.lib" /MACHINE:X86 /DLL Debug\dllmain.obj
         Debug\stdafx.obj
         Debug\StUtil.Native.Injection.obj
            Creating library C:\Projects\~Other\APIs\StUtil.Api\StUtil.Native.Injection\\bin\x86\StUtil.Native.Injection.lib and object C:\Projects\~Other\APIs\StUtil.Api\StUtil.Native.Injection\\bin\x86\StUtil.Native.Injection.exp
     1>StUtil.Native.Injection.exp : warning LNK4070: /OUT:BTREE.dll directive in .EXP differs from output filename 'C:\Projects\~Other\APIs\StUtil.Api\StUtil.Native.Injection\\bin\x86\StUtil.Native.Injection.dll'; ignoring directive
         StUtil.Native.Injection.vcxproj -> C:\Projects\~Other\APIs\StUtil.Api\StUtil.Native.Injection\\bin\x86\StUtil.Native.Injection.dll
       AfterBuild:
         cmd.exe /k echo PlatformTarget: x86
         PlatformTarget: x86
         
         C:\Projects\~Other\APIs\StUtil.Api\StUtil.Native.Injection>
         cmd.exe /k echo Platform: Win32
         Platform: Win32
         
         C:\Projects\~Other\APIs\StUtil.Api\StUtil.Native.Injection>
     1>Project "C:\Projects\~Other\APIs\StUtil.Api\StUtil.Native.Injection\StUtil.Native.Injection.vcxproj" (1) is building "C:\Projects\~Other\APIs\StUtil.Api\StUtil.Native.Injection\StUtil.Native.Injection.vcxproj" (1:2) on node 3 (default targets).
     1>C:\Program Files (x86)\MSBuild\Microsoft.Cpp\v4.0\V120\Microsoft.CppBuild.targets(364,5): warning MSB8004: Output Directory does not end with a trailing slash.  This build instance will add the slash as it is required to allow proper evaluation of the Output Directory.
     1>ClCompile:
         C:\Program Files (x86)\Microsoft Visual Studio 12.0\VC\bin\x86_amd64\CL.exe /c /Zi /nologo /W3 /WX- /Od /D WIN32 /D _DEBUG /D _WINDOWS /D _USRDLL /D STUTILNATIVEINJECTION_EXPORTS /D _WINDLL /D _UNICODE /D UNICODE /Gm /EHsc /RTC1 /MDd /GS /fp:precise /Zc:wchar_t /Zc:forScope /Yc"stdafx.h" /Fp"x64\Debug\StUtil.Native.Injection.pch" /Fo"x64\Debug\\" /Fd"x64\Debug\vc120.pdb" /Gd /TP /errorReport:prompt stdafx.cpp
         stdafx.cpp
         C:\Program Files (x86)\Microsoft Visual Studio 12.0\VC\bin\x86_amd64\CL.exe /c /Zi /nologo /W3 /WX- /Od /D WIN32 /D _DEBUG /D _WINDOWS /D _USRDLL /D STUTILNATIVEINJECTION_EXPORTS /D _WINDLL /D _UNICODE /D UNICODE /Gm /EHsc /RTC1 /MDd /GS /fp:precise /Zc:wchar_t /Zc:forScope /Fo"x64\Debug\\" /Fd"x64\Debug\vc120.pdb" /Gd /TP /errorReport:prompt dllmain.cpp
         dllmain.cpp
         C:\Program Files (x86)\Microsoft Visual Studio 12.0\VC\bin\x86_amd64\CL.exe /c /Zi /nologo /W3 /WX- /Od /D WIN32 /D _DEBUG /D _WINDOWS /D _USRDLL /D STUTILNATIVEINJECTION_EXPORTS /D _WINDLL /D _UNICODE /D UNICODE /Gm /EHsc /RTC1 /MDd /GS /fp:precise /Zc:wchar_t /Zc:forScope /Yu"stdafx.h" /Fp"x64\Debug\StUtil.Native.Injection.pch" /Fo"x64\Debug\\" /Fd"x64\Debug\vc120.pdb" /Gd /TP /errorReport:prompt StUtil.Native.Injection.cpp
         StUtil.Native.Injection.cpp
       Link:
         C:\Program Files (x86)\Microsoft Visual Studio 12.0\VC\bin\x86_amd64\link.exe /ERRORREPORT:PROMPT /OUT:"bin\x64\StUtil.Native.Injection.dll" /INCREMENTAL /NOLOGO kernel32.lib user32.lib gdi32.lib winspool.lib comdlg32.lib advapi32.lib shell32.lib ole32.lib oleaut32.lib uuid.lib odbc32.lib odbccp32.lib /DEF:"EXPORTS.def" /MANIFEST /MANIFESTUAC:"level='asInvoker' uiAccess='false'" /manifest:embed /DEBUG /PDB:"bin\x64\StUtil.Native.Injection.pdb" /SUBSYSTEM:WINDOWS /TLBID:1 /DYNAMICBASE /NXCOMPAT /IMPLIB:"bin\x64\StUtil.Native.Injection.lib" /MACHINE:X64 /DLL x64\Debug\dllmain.obj
         x64\Debug\stdafx.obj
         x64\Debug\StUtil.Native.Injection.obj
         StUtil.Native.Injection.vcxproj -> C:\Projects\~Other\APIs\StUtil.Api\StUtil.Native.Injection\bin\x64\StUtil.Native.Injection.dll
       AfterBuild:
         cmd.exe /k echo PlatformTarget: x64
         PlatformTarget: x64
         
         C:\Projects\~Other\APIs\StUtil.Api\StUtil.Native.Injection>
         cmd.exe /k echo Platform: x64
         Platform: x64
         
         C:\Projects\~Other\APIs\StUtil.Api\StUtil.Native.Injection>
   1:2>Project "C:\Projects\~Other\APIs\StUtil.Api\StUtil.Native.Injection\StUtil.Native.Injection.vcxproj" (1:2) is building "C:\Projects\~Other\APIs\StUtil.Api\StUtil.Native.Injection\StUtil.Native.Injection.vcxproj" (1:3) on node 4 (default targets).
     1>C:\Program Files (x86)\MSBuild\Microsoft.Cpp\v4.0\V120\Microsoft.CppBuild.targets(364,5): warning MSB8004: Output Directory does not end with a trailing slash.  This build instance will add the slash as it is required to allow proper evaluation of the Output Directory.
     1>Link:
         C:\Program Files (x86)\Microsoft Visual Studio 12.0\VC\bin\link.exe /ERRORREPORT:PROMPT /OUT:"bin\x86\StUtil.Native.Injection.dll" /INCREMENTAL /NOLOGO Shlwapi.lib kernel32.lib user32.lib gdi32.lib winspool.lib comdlg32.lib advapi32.lib shell32.lib ole32.lib oleaut32.lib uuid.lib odbc32.lib odbccp32.lib /DEF:"EXPORTS.def" /MANIFEST /MANIFESTUAC:"level='asInvoker' uiAccess='false'" /manifest:embed /DEBUG /PDB:"bin\x86\StUtil.Native.Injection.pdb" /SUBSYSTEM:WINDOWS /TLBID:1 /DYNAMICBASE /NXCOMPAT /IMPLIB:"bin\x86\StUtil.Native.Injection.lib" /MACHINE:X86 /DLL Debug\dllmain.obj
         Debug\stdafx.obj
         Debug\StUtil.Native.Injection.obj
            Creating library bin\x86\StUtil.Native.Injection.lib and object bin\x86\StUtil.Native.Injection.exp
     1>StUtil.Native.Injection.exp : warning LNK4070: /OUT:BTREE.dll directive in .EXP differs from output filename 'bin\x86\StUtil.Native.Injection.dll'; ignoring directive
         StUtil.Native.Injection.vcxproj -> C:\Projects\~Other\APIs\StUtil.Api\StUtil.Native.Injection\bin\x86\StUtil.Native.Injection.dll
       AfterBuild:
         cmd.exe /k echo PlatformTarget: Win32
         PlatformTarget: Win32
         
         C:\Projects\~Other\APIs\StUtil.Api\StUtil.Native.Injection>
         cmd.exe /k echo Platform: Win32
         Platform: Win32
         
         C:\Projects\~Other\APIs\StUtil.Api\StUtil.Native.Injection>
     1>Done Building Project "C:\Projects\~Other\APIs\StUtil.Api\StUtil.Native.Injection\StUtil.Native.Injection.vcxproj" (default targets).
     1>Done Building Project "C:\Projects\~Other\APIs\StUtil.Api\StUtil.Native.Injection\StUtil.Native.Injection.vcxproj" (default targets).
     1>Done Building Project "C:\Projects\~Other\APIs\StUtil.Api\StUtil.Native.Injection\StUtil.Native.Injection.vcxproj" (Build target(s)).

Build succeeded.

Time Elapsed 00:00:05.34
